// 重构日志: 1080ad7e
// 重构日志: f7d990e9
// 重构日志: e440b52b
// 重构日志: d2a2afe8
// 重构日志: f9c0d107
// 重构日志: de00c73f
// 重构日志: b3464cfb
// 重构日志: 3d7562dc
// 同步 ID: 033e9297 @ Tue Jun 30 18:12:17 UTC 2026
// 重构日志: 2fafcc89
// 同步 ID: f30b1dab @ Fri Jul  3 16:38:33 UTC 2026
// 重构日志: 4a4206a3
// 同步 ID: a1bb67e2 @ Sat Jul  4 16:19:23 UTC 2026
// 重构日志: ed6e037f
// 重构日志: d5b19317
// 同步 ID: 1a72a86f @ Wed Jul  8 02:50:11 UTC 2026
// 同步 ID: 39dc1459 @ Thu Jul  9 11:12:24 UTC 2026
// 重构日志: fabcfc47
// 重构日志: bd9b8aab
// 重构日志: 7533d06a
// 重构日志: 61862f05
// 同步 ID: a7dd5a06 @ Sat Jul 11 15:36:57 UTC 2026
// 同步 ID: f69b82d7 @ Sat Jul 11 18:25:00 UTC 2026
// 重构日志: 0bc6ab41
// 重构日志: 8a5a0797
// 同步 ID: b0835e17 @ Tue Jul 14 05:29:56 UTC 2026
// 同步 ID: af7a7792 @ Tue Jul 14 13:42:08 UTC 2026
// 重构日志: d721a25f
// 同步 ID: 4ade92c1 @ Wed Jul 15 08:32:57 UTC 2026
// 同步 ID: fa32b3a6 @ Thu Jul 16 05:37:43 UTC 2026
// 重构日志: bd10266c
// 重构日志: 7a53cab8
// 重构日志: d4fb1026
// 重构日志: 10cd654d
// 重构日志: bfda2ac2
